2017/07/04 10:50:56 [error] [exception.CException] exception 'CException' with message 'UserController and its behaviors do not have a method or closure named "renderPartical".' in C:\xampp\htdocs\yii_test\framework\base\CComponent.php:266
Stack trace:
#0 C:\xampp\htdocs\yii_test\shop\protected\controllers\UserController.php(4): CComponent->__call('renderPartical', Array)
#1 C:\xampp\htdocs\yii_test\shop\protected\controllers\UserController.php(4): UserController->renderPartical('login')
#2 C:\xampp\htdocs\yii_test\framework\web\actions\CInlineAction.php(49): UserController->actionLogin()
#3 C:\xampp\htdocs\yii_test\framework\web\CController.php(308): CInlineAction->runWithParams(Array)
#4 C:\xampp\htdocs\yii_test\framework\web\CController.php(286): CController->runAction(Object(CInlineAction))
#5 C:\xampp\htdocs\yii_test\framework\web\CController.php(265): CController->runActionWithFilters(Object(CInlineAction), Array)
#6 C:\xampp\htdocs\yii_test\framework\web\CWebApplication.php(282): CController->run('login')
#7 C:\xampp\htdocs\yii_test\framework\web\CWebApplication.php(141): CWebApplication->runController('user/login')
#8 C:\xampp\htdocs\yii_test\framework\base\CApplication.php(185): CWebApplication->processRequest()
#9 C:\xampp\htdocs\yii_test\shop\index.php(13): CApplication->run()
#10 {main}
REQUEST_URI=/index.php?r=user/login
---
2017/07/04 10:52:39 [error] [php] Use of undefined constant CSS_URL - assumed 'CSS_URL' (C:\xampp\htdocs\yii_test\shop\protected\views\user\login.php:11)
Stack trace:
#0 C:\xampp\htdocs\yii_test\framework\web\CController.php(872): UserController->renderFile()
#1 C:\xampp\htdocs\yii_test\shop\protected\controllers\UserController.php(4): UserController->renderPartial()
#2 C:\xampp\htdocs\yii_test\framework\web\actions\CInlineAction.php(49): UserController->actionLogin()
#3 C:\xampp\htdocs\yii_test\framework\web\CController.php(308): CInlineAction->runWithParams()
#4 C:\xampp\htdocs\yii_test\framework\web\CController.php(286): UserController->runAction()
#5 C:\xampp\htdocs\yii_test\framework\web\CController.php(265): UserController->runActionWithFilters()
#6 C:\xampp\htdocs\yii_test\framework\web\CWebApplication.php(282): UserController->run()
#7 C:\xampp\htdocs\yii_test\framework\web\CWebApplication.php(141): CWebApplication->runController()
#8 C:\xampp\htdocs\yii_test\framework\base\CApplication.php(185): CWebApplication->processRequest()
#9 C:\xampp\htdocs\yii_test\shop\index.php(13): CWebApplication->run()
REQUEST_URI=/index.php?r=user/login
in C:\xampp\htdocs\yii_test\shop\protected\views\user\login.php (11)
in C:\xampp\htdocs\yii_test\shop\protected\controllers\UserController.php (4)
in C:\xampp\htdocs\yii_test\shop\index.php (13)
2017/07/04 10:58:18 [error] [php] Use of undefined constant IMG_URL - assumed 'IMG_URL' (C:\xampp\htdocs\yii_test\shop\protected\views\user\login.php:17)
Stack trace:
#0 C:\xampp\htdocs\yii_test\framework\web\CController.php(872): UserController->renderFile()
#1 C:\xampp\htdocs\yii_test\shop\protected\controllers\UserController.php(4): UserController->renderPartial()
#2 C:\xampp\htdocs\yii_test\framework\web\actions\CInlineAction.php(49): UserController->actionLogin()
#3 C:\xampp\htdocs\yii_test\framework\web\CController.php(308): CInlineAction->runWithParams()
#4 C:\xampp\htdocs\yii_test\framework\web\CController.php(286): UserController->runAction()
#5 C:\xampp\htdocs\yii_test\framework\web\CController.php(265): UserController->runActionWithFilters()
#6 C:\xampp\htdocs\yii_test\framework\web\CWebApplication.php(282): UserController->run()
#7 C:\xampp\htdocs\yii_test\framework\web\CWebApplication.php(141): CWebApplication->runController()
#8 C:\xampp\htdocs\yii_test\framework\base\CApplication.php(185): CWebApplication->processRequest()
#9 C:\xampp\htdocs\yii_test\shop\index.php(13): CWebApplication->run()
REQUEST_URI=/index.php?r=user/login
in C:\xampp\htdocs\yii_test\shop\protected\views\user\login.php (17)
in C:\xampp\htdocs\yii_test\shop\protected\controllers\UserController.php (4)
in C:\xampp\htdocs\yii_test\shop\index.php (13)
2017/07/04 11:12:38 [error] [exception.CHttpException.404] exception 'CHttpException' with message 'Unable to resolve the request "layout/main".' in C:\xampp\htdocs\yii_test\framework\web\CWebApplication.php:286
Stack trace:
#0 C:\xampp\htdocs\yii_test\framework\web\CWebApplication.php(141): CWebApplication->runController('layout/main')
#1 C:\xampp\htdocs\yii_test\framework\base\CApplication.php(185): CWebApplication->processRequest()
#2 C:\xampp\htdocs\yii_test\shop\index.php(13): CApplication->run()
#3 {main}
REQUEST_URI=/index.php?r=layout/main
---
2017/07/04 11:12:44 [error] [exception.CHttpException.404] exception 'CHttpException' with message 'Unable to resolve the request "layouts/main".' in C:\xampp\htdocs\yii_test\framework\web\CWebApplication.php:286
Stack trace:
#0 C:\xampp\htdocs\yii_test\framework\web\CWebApplication.php(141): CWebApplication->runController('layouts/main')
#1 C:\xampp\htdocs\yii_test\framework\base\CApplication.php(185): CWebApplication->processRequest()
#2 C:\xampp\htdocs\yii_test\shop\index.php(13): CApplication->run()
#3 {main}
REQUEST_URI=/index.php?r=layouts/main
---
2017/07/04 11:13:38 [error] [exception.CHttpException.404] exception 'CHttpException' with message 'Unable to resolve the request "layouts/main".' in C:\xampp\htdocs\yii_test\framework\web\CWebApplication.php:286
Stack trace:
#0 C:\xampp\htdocs\yii_test\framework\web\CWebApplication.php(141): CWebApplication->runController('layouts/main')
#1 C:\xampp\htdocs\yii_test\framework\base\CApplication.php(185): CWebApplication->processRequest()
#2 C:\xampp\htdocs\yii_test\shop\index.php(13): CApplication->run()
#3 {main}
REQUEST_URI=/index.php?r=layouts/main
---
2017/07/04 11:14:52 [error] [exception.CHttpException.404] exception 'CHttpException' with message 'Unable to resolve the request "layouts/main".' in C:\xampp\htdocs\yii_test\framework\web\CWebApplication.php:286
Stack trace:
#0 C:\xampp\htdocs\yii_test\framework\web\CWebApplication.php(141): CWebApplication->runController('layouts/main')
#1 C:\xampp\htdocs\yii_test\framework\base\CApplication.php(185): CWebApplication->processRequest()
#2 C:\xampp\htdocs\yii_test\shop\index.php(13): CApplication->run()
#3 {main}
REQUEST_URI=/index.php?r=layouts/main
---
2017/07/04 11:14:57 [error] [exception.CHttpException.404] exception 'CHttpException' with message 'Unable to resolve the request "layouts/column1".' in C:\xampp\htdocs\yii_test\framework\web\CWebApplication.php:286
Stack trace:
#0 C:\xampp\htdocs\yii_test\framework\web\CWebApplication.php(141): CWebApplication->runController('layouts/column1')
#1 C:\xampp\htdocs\yii_test\framework\base\CApplication.php(185): CWebApplication->processRequest()
#2 C:\xampp\htdocs\yii_test\shop\index.php(13): CApplication->run()
#3 {main}
REQUEST_URI=/index.php?r=layouts/column1
---
2017/07/04 11:15:28 [error] [exception.CHttpException.404] exception 'CHttpException' with message 'Unable to resolve the request "layouts/test".' in C:\xampp\htdocs\yii_test\framework\web\CWebApplication.php:286
Stack trace:
#0 C:\xampp\htdocs\yii_test\framework\web\CWebApplication.php(141): CWebApplication->runController('layouts/test')
#1 C:\xampp\htdocs\yii_test\framework\base\CApplication.php(185): CWebApplication->processRequest()
#2 C:\xampp\htdocs\yii_test\shop\index.php(13): CApplication->run()
#3 {main}
REQUEST_URI=/index.php?r=layouts/test
---
2017/07/04 11:16:10 [error] [php] Undefined variable: content (C:\xampp\htdocs\yii_test\shop\protected\views\layouts\main.php:46)
Stack trace:
#0 C:\xampp\htdocs\yii_test\framework\web\CController.php(872): LayoutsController->renderFile()
#1 C:\xampp\htdocs\yii_test\shop\protected\controllers\LayoutsController.php(4): LayoutsController->renderPartial()
#2 C:\xampp\htdocs\yii_test\framework\web\actions\CInlineAction.php(49): LayoutsController->actionMain()
#3 C:\xampp\htdocs\yii_test\framework\web\CController.php(308): CInlineAction->runWithParams()
#4 C:\xampp\htdocs\yii_test\framework\web\CController.php(286): LayoutsController->runAction()
#5 C:\xampp\htdocs\yii_test\framework\web\CController.php(265): LayoutsController->runActionWithFilters()
#6 C:\xampp\htdocs\yii_test\framework\web\CWebApplication.php(282): LayoutsController->run()
#7 C:\xampp\htdocs\yii_test\framework\web\CWebApplication.php(141): CWebApplication->runController()
#8 C:\xampp\htdocs\yii_test\framework\base\CApplication.php(185): CWebApplication->processRequest()
#9 C:\xampp\htdocs\yii_test\shop\index.php(13): CWebApplication->run()
REQUEST_URI=/index.php?r=layouts/main
in C:\xampp\htdocs\yii_test\shop\protected\views\layouts\main.php (46)
in C:\xampp\htdocs\yii_test\shop\protected\controllers\LayoutsController.php (4)
in C:\xampp\htdocs\yii_test\shop\index.php (13)
2017/07/04 11:16:51 [error] [php] Undefined variable: content (C:\xampp\htdocs\yii_test\shop\protected\views\layouts\column1.php:4)
Stack trace:
#0 C:\xampp\htdocs\yii_test\framework\web\CController.php(872): LayoutsController->renderFile()
#1 C:\xampp\htdocs\yii_test\shop\protected\controllers\LayoutsController.php(7): LayoutsController->renderPartial()
#2 C:\xampp\htdocs\yii_test\framework\web\actions\CInlineAction.php(49): LayoutsController->actionColumn1()
#3 C:\xampp\htdocs\yii_test\framework\web\CController.php(308): CInlineAction->runWithParams()
#4 C:\xampp\htdocs\yii_test\framework\web\CController.php(286): LayoutsController->runAction()
#5 C:\xampp\htdocs\yii_test\framework\web\CController.php(265): LayoutsController->runActionWithFilters()
#6 C:\xampp\htdocs\yii_test\framework\web\CWebApplication.php(282): LayoutsController->run()
#7 C:\xampp\htdocs\yii_test\framework\web\CWebApplication.php(141): CWebApplication->runController()
#8 C:\xampp\htdocs\yii_test\framework\base\CApplication.php(185): CWebApplication->processRequest()
#9 C:\xampp\htdocs\yii_test\shop\index.php(13): CWebApplication->run()
REQUEST_URI=/index.php?r=layouts/column1
in C:\xampp\htdocs\yii_test\shop\protected\views\layouts\column1.php (4)
in C:\xampp\htdocs\yii_test\shop\protected\controllers\LayoutsController.php (7)
in C:\xampp\htdocs\yii_test\shop\index.php (13)
2017/07/10 09:42:37 [error] [exception.CHttpException.404] exception 'CHttpException' with message 'Unable to resolve the request "houtai".' in C:\xampp\htdocs\yii_test\framework\web\CWebApplication.php:286
Stack trace:
#0 C:\xampp\htdocs\yii_test\framework\web\CWebApplication.php(141): CWebApplication->runController('houtai')
#1 C:\xampp\htdocs\yii_test\framework\base\CApplication.php(185): CWebApplication->processRequest()
#2 C:\xampp\htdocs\yii_test\shop\index.php(13): CApplication->run()
#3 {main}
REQUEST_URI=/yii_test/shop/index.php?r=houtai
---
2017/07/10 09:42:56 [error] [exception.CHttpException.404] exception 'CHttpException' with message 'Unable to resolve the request "houtai".' in C:\xampp\htdocs\yii_test\framework\web\CWebApplication.php:286
Stack trace:
#0 C:\xampp\htdocs\yii_test\framework\web\CWebApplication.php(141): CWebApplication->runController('houtai')
#1 C:\xampp\htdocs\yii_test\framework\base\CApplication.php(185): CWebApplication->processRequest()
#2 C:\xampp\htdocs\yii_test\shop\index.php(13): CApplication->run()
#3 {main}
REQUEST_URI=/yii_test/shop/index.php?r=houtai
---
2017/07/10 09:47:56 [error] [exception.CHttpException.404] exception 'CHttpException' with message 'Unable to resolve the request "houtai/left/left".' in C:\xampp\htdocs\yii_test\framework\web\CWebApplication.php:286
Stack trace:
#0 C:\xampp\htdocs\yii_test\framework\web\CWebApplication.php(141): CWebApplication->runController('houtai/left/lef...')
#1 C:\xampp\htdocs\yii_test\framework\base\CApplication.php(185): CWebApplication->processRequest()
#2 C:\xampp\htdocs\yii_test\shop\index.php(13): CApplication->run()
#3 {main}
REQUEST_URI=/yii_test/shop/index.php?r=houtai/left/left
---
2017/07/10 09:48:07 [error] [php] Use of undefined constant HOUTAI_CSS_URL - assumed 'HOUTAI_CSS_URL' (C:\xampp\htdocs\yii_test\shop\protected\modules\houtai\views\index\left.php:5)
Stack trace:
#0 C:\xampp\htdocs\yii_test\framework\web\CController.php(872): IndexController->renderFile()
#1 C:\xampp\htdocs\yii_test\framework\web\CController.php(785): IndexController->renderPartial()
#2 C:\xampp\htdocs\yii_test\shop\protected\modules\houtai\controllers\IndexController.php(7): IndexController->render()
#3 C:\xampp\htdocs\yii_test\framework\web\actions\CInlineAction.php(49): IndexController->actionLeft()
#4 C:\xampp\htdocs\yii_test\framework\web\CController.php(308): CInlineAction->runWithParams()
#5 C:\xampp\htdocs\yii_test\framework\web\CController.php(286): IndexController->runAction()
#6 C:\xampp\htdocs\yii_test\framework\web\CController.php(265): IndexController->runActionWithFilters()
#7 C:\xampp\htdocs\yii_test\framework\web\CWebApplication.php(282): IndexController->run()
#8 C:\xampp\htdocs\yii_test\framework\web\CWebApplication.php(141): CWebApplication->runController()
#9 C:\xampp\htdocs\yii_test\framework\base\CApplication.php(185): CWebApplication->processRequest()
#10 C:\xampp\htdocs\yii_test\shop\index.php(13): CWebApplication->run()
REQUEST_URI=/yii_test/shop/index.php?r=houtai/index/left
in C:\xampp\htdocs\yii_test\shop\protected\modules\houtai\views\index\left.php (5)
in C:\xampp\htdocs\yii_test\shop\protected\modules\houtai\controllers\IndexController.php (7)
in C:\xampp\htdocs\yii_test\shop\index.php (13)
2017/07/10 09:49:39 [error] [php] Use of undefined constant HOUTAI_CSS_URL - assumed 'HOUTAI_CSS_URL' (C:\xampp\htdocs\yii_test\shop\protected\modules\houtai\views\index\left.php:5)
Stack trace:
#0 C:\xampp\htdocs\yii_test\framework\web\CController.php(872): IndexController->renderFile()
#1 C:\xampp\htdocs\yii_test\framework\web\CController.php(785): IndexController->renderPartial()
#2 C:\xampp\htdocs\yii_test\shop\protected\modules\houtai\controllers\IndexController.php(7): IndexController->render()
#3 C:\xampp\htdocs\yii_test\framework\web\actions\CInlineAction.php(49): IndexController->actionLeft()
#4 C:\xampp\htdocs\yii_test\framework\web\CController.php(308): CInlineAction->runWithParams()
#5 C:\xampp\htdocs\yii_test\framework\web\CController.php(286): IndexController->runAction()
#6 C:\xampp\htdocs\yii_test\framework\web\CController.php(265): IndexController->runActionWithFilters()
#7 C:\xampp\htdocs\yii_test\framework\web\CWebApplication.php(282): IndexController->run()
#8 C:\xampp\htdocs\yii_test\framework\web\CWebApplication.php(141): CWebApplication->runController()
#9 C:\xampp\htdocs\yii_test\framework\base\CApplication.php(185): CWebApplication->processRequest()
#10 C:\xampp\htdocs\yii_test\shop\index.php(13): CWebApplication->run()
REQUEST_URI=/yii_test/shop/index.php?r=houtai/index/left
in C:\xampp\htdocs\yii_test\shop\protected\modules\houtai\views\index\left.php (5)
in C:\xampp\htdocs\yii_test\shop\protected\modules\houtai\controllers\IndexController.php (7)
in C:\xampp\htdocs\yii_test\shop\index.php (13)
2017/07/10 09:53:53 [error] [exception.CHttpException.404] exception 'CHttpException' with message 'The system is unable to find the requested action "right".' in C:\xampp\htdocs\yii_test\framework\web\CController.php:486
Stack trace:
#0 C:\xampp\htdocs\yii_test\framework\web\CController.php(270): CController->missingAction('right')
#1 C:\xampp\htdocs\yii_test\framework\web\CWebApplication.php(282): CController->run('right')
#2 C:\xampp\htdocs\yii_test\framework\web\CWebApplication.php(141): CWebApplication->runController('houtai/index/ri...')
#3 C:\xampp\htdocs\yii_test\framework\base\CApplication.php(185): CWebApplication->processRequest()
#4 C:\xampp\htdocs\yii_test\shop\index.php(13): CApplication->run()
#5 {main}
REQUEST_URI=/yii_test/shop/index.php?r=houtai/index/right
---
2017/07/10 09:55:36 [error] [exception.CHttpException.404] exception 'CHttpException' with message 'The system is unable to find the requested action "right".' in C:\xampp\htdocs\yii_test\framework\web\CController.php:486
Stack trace:
#0 C:\xampp\htdocs\yii_test\framework\web\CController.php(270): CController->missingAction('right')
#1 C:\xampp\htdocs\yii_test\framework\web\CWebApplication.php(282): CController->run('right')
#2 C:\xampp\htdocs\yii_test\framework\web\CWebApplication.php(141): CWebApplication->runController('houtai/index/ri...')
#3 C:\xampp\htdocs\yii_test\framework\base\CApplication.php(185): CWebApplication->processRequest()
#4 C:\xampp\htdocs\yii_test\shop\index.php(13): CApplication->run()
#5 {main}
REQUEST_URI=/yii_test/shop/index.php?r=houtai/index/right
---
2017/07/10 09:55:42 [error] [exception.CHttpException.404] exception 'CHttpException' with message 'The system is unable to find the requested action "right".' in C:\xampp\htdocs\yii_test\framework\web\CController.php:486
Stack trace:
#0 C:\xampp\htdocs\yii_test\framework\web\CController.php(270): CController->missingAction('right')
#1 C:\xampp\htdocs\yii_test\framework\web\CWebApplication.php(282): CController->run('right')
#2 C:\xampp\htdocs\yii_test\framework\web\CWebApplication.php(141): CWebApplication->runController('houtai/index/ri...')
#3 C:\xampp\htdocs\yii_test\framework\base\CApplication.php(185): CWebApplication->processRequest()
#4 C:\xampp\htdocs\yii_test\shop\index.php(13): CApplication->run()
#5 {main}
REQUEST_URI=/yii_test/shop/index.php?r=houtai/index/right
---
2017/07/10 09:56:41 [error] [exception.CHttpException.404] exception 'CHttpException' with message 'The system is unable to find the requested action "index".' in C:\xampp\htdocs\yii_test\framework\web\CController.php:486
Stack trace:
#0 C:\xampp\htdocs\yii_test\framework\web\CController.php(270): CController->missingAction('index')
#1 C:\xampp\htdocs\yii_test\framework\web\CWebApplication.php(282): CController->run('index')
#2 C:\xampp\htdocs\yii_test\framework\web\CWebApplication.php(141): CWebApplication->runController('houtai/index/in...')
#3 C:\xampp\htdocs\yii_test\framework\base\CApplication.php(185): CWebApplication->processRequest()
#4 C:\xampp\htdocs\yii_test\shop\index.php(13): CApplication->run()
#5 {main}
REQUEST_URI=/yii_test/shop/index.php?r=houtai/index/index
---
